<?xml version="1.0" encoding="UTF-8"?>
<!-- Generated by org.testng.reporters.JUnitXMLReporter -->
<testsuite hostname="DESKTOP-B64QDB1" ignored="0" name="Default test" tests="3" failures="0" timestamp="28 Nov 2022 10:12:44 GMT" time="10.211" errors="0">
  <testcase name="VerifyEbayTitlePage" time="0.018" classname="HomePgaeTest.SearchDevice"/>
  <testcase name="searchMackbook" time="3.328" classname="HomePgaeTest.SearchDevice"/>
  <testcase name="validateSearchresult" time="0.065" classname="HomePgaeTest.SearchDevice"/>
</testsuite> <!-- Default test -->
